This file contains any messages produced by compilers while
running configure, to aid debugging if configure makes a mistake.

It was created by cbase configure 1.2.1, which was
generated by GNU Autoconf 2.69.  Invocation command line was

  $ ./configure CC=gcc CXX=g++ --prefix=/usr/local/geotool --with-pic

## --------- ##
## Platform. ##
## --------- ##

hostname = idadccvm
uname -m = x86_64
uname -r = 4.18.0-348.20.1.el8_5.x86_64
uname -s = Linux
uname -v = #1 SMP Thu Mar 10 20:59:28 UTC 2022

/usr/bin/uname -p = x86_64
/bin/uname -X     = unknown

/bin/arch              = x86_64
/usr/bin/arch -k       = unknown
/usr/convex/getsysinfo = unknown
/usr/bin/hostinfo      = unknown
/bin/machine           = unknown
/usr/bin/oslevel       = unknown
/bin/universe          = unknown

PATH: /sbin
PATH: /bin
PATH: /usr/sbin
PATH: /usr/bin


## ----------- ##
## Core tests. ##
## ----------- ##

configure:2379: checking for a BSD-compatible install
configure:2447: result: /bin/install -c
configure:2458: checking whether build environment is sane
configure:2513: result: yes
configure:2664: checking for a thread-safe mkdir -p
configure:2703: result: /bin/mkdir -p
configure:2710: checking for gawk
configure:2726: found /bin/gawk
configure:2737: result: gawk
configure:2748: checking whether make sets $(MAKE)
configure:2770: result: yes
configure:2799: checking whether make supports nested variables
configure:2816: result: yes
configure:3071: checking whether make supports the include directive
configure:3086: make -f confmf.GNU && cat confinc.out
this is the am__doit target
configure:3089: $? = 0
configure:3108: result: yes (GNU style)
configure:3178: checking for gcc
configure:3205: result: gcc
configure:3434: checking for C compiler version
configure:3443: gcc --version >&5
gcc (GCC) 8.5.0 20210514 (Red Hat 8.5.0-4)
Copyright (C) 2018 Free Software Foundation, Inc.
This is free software; see the source for copying conditions.  There is NO
warranty; not even for MERCHANTABILITY or FITNESS FOR A PARTICULAR PURPOSE.

configure:3454: $? = 0
configure:3443: gcc -v >&5
Using built-in specs.
COLLECT_GCC=gcc
COLLECT_LTO_WRAPPER=/usr/libexec/gcc/x86_64-redhat-linux/8/lto-wrapper
OFFLOAD_TARGET_NAMES=nvptx-none
OFFLOAD_TARGET_DEFAULT=1
Target: x86_64-redhat-linux
Configured with: ../configure --enable-bootstrap --enable-languages=c,c++,fortran,lto --prefix=/usr --mandir=/usr/share/man --infodir=/usr/share/info --with-bugurl=http://bugzilla.redhat.com/bugzilla --enable-shared --enable-threads=posix --enable-checking=release --enable-multilib --with-system-zlib --enable-__cxa_atexit --disable-libunwind-exceptions --enable-gnu-unique-object --enable-linker-build-id --with-gcc-major-version-only --with-linker-hash-style=gnu --enable-plugin --enable-initfini-array --with-isl --disable-libmpx --enable-offload-targets=nvptx-none --without-cuda-driver --enable-gnu-indirect-function --enable-cet --with-tune=generic --with-arch_32=x86-64 --build=x86_64-redhat-linux
Thread model: posix
gcc version 8.5.0 20210514 (Red Hat 8.5.0-4) (GCC) 
configure:3454: $? = 0
configure:3443: gcc -V >&5
gcc: error: unrecognized command line option '-V'
gcc: fatal error: no input files
compilation terminated.
configure:3454: $? = 1
configure:3443: gcc -qversion >&5
gcc: error: unrecognized command line option '-qversion'; did you mean '--version'?
gcc: fatal error: no input files
compilation terminated.
configure:3454: $? = 1
configure:3474: checking whether the C compiler works
configure:3496: gcc    conftest.c  >&5
configure:3500: $? = 0
configure:3548: result: yes
configure:3551: checking for C compiler default output file name
configure:3553: result: a.out
configure:3559: checking for suffix of executables
configure:3566: gcc -o conftest    conftest.c  >&5
configure:3570: $? = 0
configure:3592: result: 
configure:3614: checking whether we are cross compiling
configure:3622: gcc -o conftest    conftest.c  >&5
configure:3626: $? = 0
configure:3633: ./conftest
configure:3637: $? = 0
configure:3652: result: no
configure:3657: checking for suffix of object files
configure:3679: gcc -c   conftest.c >&5
configure:3683: $? = 0
configure:3704: result: o
configure:3708: checking whether we are using the GNU C compiler
configure:3727: gcc -c   conftest.c >&5
configure:3727: $? = 0
configure:3736: result: yes
configure:3745: checking whether gcc accepts -g
configure:3765: gcc -c -g  conftest.c >&5
configure:3765: $? = 0
configure:3806: result: yes
configure:3823: checking for gcc option to accept ISO C89
configure:3886: gcc  -c -g -O2  conftest.c >&5
configure:3886: $? = 0
configure:3899: result: none needed
configure:3924: checking whether gcc understands -c and -o together
configure:3946: gcc -c conftest.c -o conftest2.o
configure:3949: $? = 0
configure:3946: gcc -c conftest.c -o conftest2.o
configure:3949: $? = 0
configure:3961: result: yes
configure:3980: checking dependency style of gcc
configure:4091: result: gcc3
configure:4111: checking how to run the C preprocessor
configure:4142: gcc -E  conftest.c
configure:4142: $? = 0
configure:4156: gcc -E  conftest.c
conftest.c:11:10: fatal error: ac_nonexistent.h: No such file or directory
 #include <ac_nonexistent.h>
          ^~~~~~~~~~~~~~~~~~
compilation terminated.
configure:4156: $? = 1
configure: failed program was:
| /* confdefs.h */
| #define PACKAGE_NAME "cbase"
| #define PACKAGE_TARNAME "cbase"
| #define PACKAGE_VERSION "1.2.1"
| #define PACKAGE_STRING "cbase 1.2.1"
| #define PACKAGE_BUGREPORT "support@ctbto.org"
| #define PACKAGE_URL ""
| #define PACKAGE "cbase"
| #define VERSION "1.2.1"
| /* end confdefs.h.  */
| #include <ac_nonexistent.h>
configure:4181: result: gcc -E
configure:4201: gcc -E  conftest.c
configure:4201: $? = 0
configure:4215: gcc -E  conftest.c
conftest.c:11:10: fatal error: ac_nonexistent.h: No such file or directory
 #include <ac_nonexistent.h>
          ^~~~~~~~~~~~~~~~~~
compilation terminated.
configure:4215: $? = 1
configure: failed program was:
| /* confdefs.h */
| #define PACKAGE_NAME "cbase"
| #define PACKAGE_TARNAME "cbase"
| #define PACKAGE_VERSION "1.2.1"
| #define PACKAGE_STRING "cbase 1.2.1"
| #define PACKAGE_BUGREPORT "support@ctbto.org"
| #define PACKAGE_URL ""
| #define PACKAGE "cbase"
| #define VERSION "1.2.1"
| /* end confdefs.h.  */
| #include <ac_nonexistent.h>
configure:4292: checking for gcc
configure:4319: result: gcc
configure:4548: checking for C compiler version
configure:4557: gcc --version >&5
gcc (GCC) 8.5.0 20210514 (Red Hat 8.5.0-4)
Copyright (C) 2018 Free Software Foundation, Inc.
This is free software; see the source for copying conditions.  There is NO
warranty; not even for MERCHANTABILITY or FITNESS FOR A PARTICULAR PURPOSE.

configure:4568: $? = 0
configure:4557: gcc -v >&5
Using built-in specs.
COLLECT_GCC=gcc
COLLECT_LTO_WRAPPER=/usr/libexec/gcc/x86_64-redhat-linux/8/lto-wrapper
OFFLOAD_TARGET_NAMES=nvptx-none
OFFLOAD_TARGET_DEFAULT=1
Target: x86_64-redhat-linux
Configured with: ../configure --enable-bootstrap --enable-languages=c,c++,fortran,lto --prefix=/usr --mandir=/usr/share/man --infodir=/usr/share/info --with-bugurl=http://bugzilla.redhat.com/bugzilla --enable-shared --enable-threads=posix --enable-checking=release --enable-multilib --with-system-zlib --enable-__cxa_atexit --disable-libunwind-exceptions --enable-gnu-unique-object --enable-linker-build-id --with-gcc-major-version-only --with-linker-hash-style=gnu --enable-plugin --enable-initfini-array --with-isl --disable-libmpx --enable-offload-targets=nvptx-none --without-cuda-driver --enable-gnu-indirect-function --enable-cet --with-tune=generic --with-arch_32=x86-64 --build=x86_64-redhat-linux
Thread model: posix
gcc version 8.5.0 20210514 (Red Hat 8.5.0-4) (GCC) 
configure:4568: $? = 0
configure:4557: gcc -V >&5
gcc: error: unrecognized command line option '-V'
gcc: fatal error: no input files
compilation terminated.
configure:4568: $? = 1
configure:4557: gcc -qversion >&5
gcc: error: unrecognized command line option '-qversion'; did you mean '--version'?
gcc: fatal error: no input files
compilation terminated.
configure:4568: $? = 1
configure:4572: checking whether we are using the GNU C compiler
configure:4600: result: yes
configure:4609: checking whether gcc accepts -g
configure:4670: result: yes
configure:4687: checking for gcc option to accept ISO C89
configure:4763: result: none needed
configure:4788: checking whether gcc understands -c and -o together
configure:4825: result: yes
configure:4844: checking dependency style of gcc
configure:4955: result: gcc3
configure:5009: checking build system type
configure:5023: result: x86_64-pc-linux-gnu
configure:5043: checking host system type
configure:5056: result: x86_64-pc-linux-gnu
configure:5097: checking how to print strings
configure:5124: result: printf
configure:5145: checking for a sed that does not truncate output
configure:5209: result: /bin/sed
configure:5227: checking for grep that handles long lines and -e
configure:5285: result: /bin/grep
configure:5290: checking for egrep
configure:5352: result: /bin/grep -E
configure:5357: checking for fgrep
configure:5419: result: /bin/grep -F
configure:5454: checking for ld used by gcc
configure:5521: result: /bin/ld
configure:5528: checking if the linker (/bin/ld) is GNU ld
configure:5543: result: yes
configure:5555: checking for BSD- or MS-compatible name lister (nm)
configure:5609: result: /bin/nm -B
configure:5739: checking the name lister (/bin/nm -B) interface
configure:5746: gcc -c -g -O2  conftest.c >&5
configure:5749: /bin/nm -B "conftest.o"
configure:5752: output
0000000000000000 B some_variable
configure:5759: result: BSD nm
configure:5762: checking whether ln -s works
configure:5766: result: yes
configure:5774: checking the maximum length of command line arguments
configure:5905: result: 1572864
configure:5953: checking how to convert x86_64-pc-linux-gnu file names to x86_64-pc-linux-gnu format
configure:5993: result: func_convert_file_noop
configure:6000: checking how to convert x86_64-pc-linux-gnu file names to toolchain format
configure:6020: result: func_convert_file_noop
configure:6027: checking for /bin/ld option to reload object files
configure:6034: result: -r
configure:6108: checking for objdump
configure:6124: found /bin/objdump
configure:6135: result: objdump
configure:6167: checking how to recognize dependent libraries
configure:6367: result: pass_all
configure:6452: checking for dlltool
configure:6482: result: no
configure:6512: checking how to associate runtime and link libraries
configure:6539: result: printf %s\n
configure:6600: checking for ar
configure:6616: found /bin/ar
configure:6627: result: ar
configure:6664: checking for archiver @FILE support
configure:6681: gcc -c -g -O2  conftest.c >&5
configure:6681: $? = 0
configure:6684: ar cru libconftest.a @conftest.lst >&5
configure:6687: $? = 0
configure:6692: ar cru libconftest.a @conftest.lst >&5
ar: conftest.o: No such file or directory
configure:6695: $? = 1
configure:6707: result: @
configure:6765: checking for strip
configure:6781: found /bin/strip
configure:6792: result: strip
configure:6864: checking for ranlib
configure:6880: found /bin/ranlib
configure:6891: result: ranlib
configure:6993: checking command to parse /bin/nm -B output from gcc object
configure:7146: gcc -c -g -O2  conftest.c >&5
configure:7149: $? = 0
configure:7153: /bin/nm -B conftest.o \| sed -n -e 's/^.*[ ]\([ABCDGIRSTW][ABCDGIRSTW]*\)[ ][ ]*\([_A-Za-z][_A-Za-z0-9]*\)$/\1 \2 \2/p' | sed '/ __gnu_lto/d' \> conftest.nm
configure:7156: $? = 0
configure:7222: gcc -o conftest -g -O2   conftest.c conftstm.o >&5
configure:7225: $? = 0
configure:7263: result: ok
configure:7310: checking for sysroot
configure:7340: result: no
configure:7347: checking for a working dd
configure:7385: result: /bin/dd
configure:7389: checking how to truncate binary pipes
configure:7404: result: /bin/dd bs=4096 count=1
configure:7540: gcc -c -g -O2  conftest.c >&5
configure:7543: $? = 0
configure:7733: checking for mt
configure:7763: result: no
configure:7783: checking if : is a manifest tool
configure:7789: : '-?'
configure:7797: result: no
configure:8470: checking for ANSI C header files
configure:8490: gcc -c -g -O2  conftest.c >&5
configure:8490: $? = 0
configure:8563: gcc -o conftest -g -O2   conftest.c  >&5
configure:8563: $? = 0
configure:8563: ./conftest
configure:8563: $? = 0
configure:8574: result: yes
configure:8587: checking for sys/types.h
configure:8587: gcc -c -g -O2  conftest.c >&5
configure:8587: $? = 0
configure:8587: result: yes
configure:8587: checking for sys/stat.h
configure:8587: gcc -c -g -O2  conftest.c >&5
configure:8587: $? = 0
configure:8587: result: yes
configure:8587: checking for stdlib.h
configure:8587: gcc -c -g -O2  conftest.c >&5
configure:8587: $? = 0
configure:8587: result: yes
configure:8587: checking for string.h
configure:8587: gcc -c -g -O2  conftest.c >&5
configure:8587: $? = 0
configure:8587: result: yes
configure:8587: checking for memory.h
configure:8587: gcc -c -g -O2  conftest.c >&5
configure:8587: $? = 0
configure:8587: result: yes
configure:8587: checking for strings.h
configure:8587: gcc -c -g -O2  conftest.c >&5
configure:8587: $? = 0
configure:8587: result: yes
configure:8587: checking for inttypes.h
configure:8587: gcc -c -g -O2  conftest.c >&5
configure:8587: $? = 0
configure:8587: result: yes
configure:8587: checking for stdint.h
configure:8587: gcc -c -g -O2  conftest.c >&5
configure:8587: $? = 0
configure:8587: result: yes
configure:8587: checking for unistd.h
configure:8587: gcc -c -g -O2  conftest.c >&5
configure:8587: $? = 0
configure:8587: result: yes
configure:8601: checking for dlfcn.h
configure:8601: gcc -c -g -O2  conftest.c >&5
configure:8601: $? = 0
configure:8601: result: yes
configure:8797: checking for objdir
configure:8812: result: .libs
configure:9076: checking if gcc supports -fno-rtti -fno-exceptions
configure:9094: gcc -c -g -O2  -fno-rtti -fno-exceptions conftest.c >&5
cc1: warning: command line option '-fno-rtti' is valid for C++/ObjC++ but not for C
configure:9098: $? = 0
configure:9111: result: no
configure:9469: checking for gcc option to produce PIC
configure:9476: result: -fPIC -DPIC
configure:9484: checking if gcc PIC flag -fPIC -DPIC works
configure:9502: gcc -c -g -O2  -fPIC -DPIC -DPIC conftest.c >&5
configure:9506: $? = 0
configure:9519: result: yes
configure:9548: checking if gcc static flag -static works
configure:9576: result: no
configure:9591: checking if gcc supports -c -o file.o
configure:9612: gcc -c -g -O2  -o out/conftest2.o conftest.c >&5
configure:9616: $? = 0
configure:9638: result: yes
configure:9646: checking if gcc supports -c -o file.o
configure:9693: result: yes
configure:9726: checking whether the gcc linker (/bin/ld -m elf_x86_64) supports shared libraries
configure:10985: result: yes
configure:11022: checking whether -lc should be explicitly linked in
configure:11030: gcc -c -g -O2  conftest.c >&5
configure:11033: $? = 0
configure:11048: gcc -shared  -fPIC -DPIC conftest.o  -v -Wl,-soname -Wl,conftest -o conftest 2\>\&1 \| /bin/grep  -lc  \>/dev/null 2\>\&1
configure:11051: $? = 0
configure:11065: result: no
configure:11225: checking dynamic linker characteristics
configure:11806: gcc -o conftest -g -O2   -Wl,-rpath -Wl,/foo conftest.c  >&5
configure:11806: $? = 0
configure:12046: result: GNU/Linux ld.so
configure:12168: checking how to hardcode library paths into programs
configure:12193: result: immediate
configure:12741: checking whether stripping libraries is possible
configure:12746: result: yes
configure:12781: checking if libtool supports shared libraries
configure:12783: result: yes
configure:12786: checking whether to build shared libraries
configure:12811: result: yes
configure:12814: checking whether to build static libraries
configure:12818: result: yes
configure:12875: checking for doxygen
configure:12908: result: no
configure:12926: checking whether gcc needs -traditional
configure:12960: result: no
configure:12967: checking whether byte ordering is bigendian
configure:12982: gcc -c -g -O2  conftest.c >&5
conftest.c:24:9: error: unknown type name 'not'
         not a universal capable compiler
         ^~~
conftest.c:24:15: error: expected '=', ',', ';', 'asm' or '__attribute__' before 'universal'
         not a universal capable compiler
               ^~~~~~~~~
conftest.c:24:15: error: unknown type name 'universal'
configure:12982: $? = 1
configure: failed program was:
| /* confdefs.h */
| #define PACKAGE_NAME "cbase"
| #define PACKAGE_TARNAME "cbase"
| #define PACKAGE_VERSION "1.2.1"
| #define PACKAGE_STRING "cbase 1.2.1"
| #define PACKAGE_BUGREPORT "support@ctbto.org"
| #define PACKAGE_URL ""
| #define PACKAGE "cbase"
| #define VERSION "1.2.1"
| #define STDC_HEADERS 1
| #define HAVE_SYS_TYPES_H 1
| #define HAVE_SYS_STAT_H 1
| #define HAVE_STDLIB_H 1
| #define HAVE_STRING_H 1
| #define HAVE_MEMORY_H 1
| #define HAVE_STRINGS_H 1
| #define HAVE_INTTYPES_H 1
| #define HAVE_STDINT_H 1
| #define HAVE_UNISTD_H 1
| #define HAVE_DLFCN_H 1
| #define LT_OBJDIR ".libs/"
| /* end confdefs.h.  */
| #ifndef __APPLE_CC__
| 	       not a universal capable compiler
| 	     #endif
| 	     typedef int dummy;
| 
configure:13027: gcc -c -g -O2  conftest.c >&5
configure:13027: $? = 0
configure:13045: gcc -c -g -O2  conftest.c >&5
conftest.c: In function 'main':
conftest.c:30:4: error: unknown type name 'not'; did you mean 'ino_t'?
    not big endian
    ^~~
    ino_t
conftest.c:30:12: error: expected '=', ',', ';', 'asm' or '__attribute__' before 'endian'
    not big endian
            ^~~~~~
configure:13045: $? = 1
configure: failed program was:
| /* confdefs.h */
| #define PACKAGE_NAME "cbase"
| #define PACKAGE_TARNAME "cbase"
| #define PACKAGE_VERSION "1.2.1"
| #define PACKAGE_STRING "cbase 1.2.1"
| #define PACKAGE_BUGREPORT "support@ctbto.org"
| #define PACKAGE_URL ""
| #define PACKAGE "cbase"
| #define VERSION "1.2.1"
| #define STDC_HEADERS 1
| #define HAVE_SYS_TYPES_H 1
| #define HAVE_SYS_STAT_H 1
| #define HAVE_STDLIB_H 1
| #define HAVE_STRING_H 1
| #define HAVE_MEMORY_H 1
| #define HAVE_STRINGS_H 1
| #define HAVE_INTTYPES_H 1
| #define HAVE_STDINT_H 1
| #define HAVE_UNISTD_H 1
| #define HAVE_DLFCN_H 1
| #define LT_OBJDIR ".libs/"
| /* end confdefs.h.  */
| #include <sys/types.h>
| 		#include <sys/param.h>
| 
| int
| main ()
| {
| #if BYTE_ORDER != BIG_ENDIAN
| 		 not big endian
| 		#endif
| 
|   ;
|   return 0;
| }
configure:13173: result: no
configure:13191: checking for an ANSI C-conforming const
configure:13257: gcc -c -g -O2  conftest.c >&5
configure:13257: $? = 0
configure:13264: result: yes
configure:13272: checking for working volatile
configure:13291: gcc -c -g -O2  conftest.c >&5
configure:13291: $? = 0
configure:13298: result: yes
configure:13309: checking if fnmatch works
configure:13325: gcc -c -g -O2  conftest.c >&5
configure:13325: $? = 0
configure:13333: result: yes
configure:13338: checking if fnmatch is GNU style
configure:13355: gcc -c -g -O2  conftest.c >&5
configure:13355: $? = 0
configure:13364: result: yes
configure:13375: checking for sys_errlist
configure:13391: gcc -o conftest -g -O2   conftest.c  >&5
conftest.c: In function 'main':
conftest.c:28:14: warning: initialization of 'char **' from incompatible pointer type 'const char * const*' [-Wincompatible-pointer-types]
 char **foo = sys_errlist;
              ^~~~~~~~~~~
configure:13391: $? = 0
configure:13403: result: yes
configure:13408: checking if asctime_r takes 3 args
configure:13425: gcc -c -g -O2  conftest.c >&5
conftest.c: In function 'main':
conftest.c:30:19: error: too many arguments to function 'asctime_r'
         ret_val = asctime_r (tm, buf, buflen);
                   ^~~~~~~~~
In file included from conftest.c:25:
/usr/include/time.h:149:14: note: declared here
 extern char *asctime_r (const struct tm *__restrict __tp,
              ^~~~~~~~~
configure:13425: $? = 1
configure: failed program was:
| /* confdefs.h */
| #define PACKAGE_NAME "cbase"
| #define PACKAGE_TARNAME "cbase"
| #define PACKAGE_VERSION "1.2.1"
| #define PACKAGE_STRING "cbase 1.2.1"
| #define PACKAGE_BUGREPORT "support@ctbto.org"
| #define PACKAGE_URL ""
| #define PACKAGE "cbase"
| #define VERSION "1.2.1"
| #define STDC_HEADERS 1
| #define HAVE_SYS_TYPES_H 1
| #define HAVE_SYS_STAT_H 1
| #define HAVE_STDLIB_H 1
| #define HAVE_STRING_H 1
| #define HAVE_MEMORY_H 1
| #define HAVE_STRINGS_H 1
| #define HAVE_INTTYPES_H 1
| #define HAVE_STDINT_H 1
| #define HAVE_UNISTD_H 1
| #define HAVE_DLFCN_H 1
| #define LT_OBJDIR ".libs/"
| #define HAVE_GNU_FNMATCH /**/
| #define HAVE_SYSERRLIST /**/
| /* end confdefs.h.  */
| #include <time.h>
| int
| main ()
| {
| struct tm *tm; char    buf[90]; char   *ret_val; int   buflen = 90;
|         ret_val = asctime_r (tm, buf, buflen);
|   ;
|   return 0;
| }
configure:13436: result: no
configure:13441: checking if ctime_r takes 3 args
configure:13458: gcc -c -g -O2  conftest.c >&5
conftest.c: In function 'main':
conftest.c:30:28: warning: passing argument 1 of 'ctime_r' from incompatible pointer type [-Wincompatible-pointer-types]
         ret_val = ctime_r (tm, buf, buflen);
                            ^~
In file included from conftest.c:25:
/usr/include/time.h:153:14: note: expected 'const time_t * restrict' {aka 'const long int * restrict'} but argument is of type 'struct tm *'
 extern char *ctime_r (const time_t *__restrict __timer,
              ^~~~~~~
conftest.c:30:19: error: too many arguments to function 'ctime_r'
         ret_val = ctime_r (tm, buf, buflen);
                   ^~~~~~~
In file included from conftest.c:25:
/usr/include/time.h:153:14: note: declared here
 extern char *ctime_r (const time_t *__restrict __timer,
              ^~~~~~~
configure:13458: $? = 1
configure: failed program was:
| /* confdefs.h */
| #define PACKAGE_NAME "cbase"
| #define PACKAGE_TARNAME "cbase"
| #define PACKAGE_VERSION "1.2.1"
| #define PACKAGE_STRING "cbase 1.2.1"
| #define PACKAGE_BUGREPORT "support@ctbto.org"
| #define PACKAGE_URL ""
| #define PACKAGE "cbase"
| #define VERSION "1.2.1"
| #define STDC_HEADERS 1
| #define HAVE_SYS_TYPES_H 1
| #define HAVE_SYS_STAT_H 1
| #define HAVE_STDLIB_H 1
| #define HAVE_STRING_H 1
| #define HAVE_MEMORY_H 1
| #define HAVE_STRINGS_H 1
| #define HAVE_INTTYPES_H 1
| #define HAVE_STDINT_H 1
| #define HAVE_UNISTD_H 1
| #define HAVE_DLFCN_H 1
| #define LT_OBJDIR ".libs/"
| #define HAVE_GNU_FNMATCH /**/
| #define HAVE_SYSERRLIST /**/
| /* end confdefs.h.  */
| #include <time.h>
| int
| main ()
| {
| struct tm *tm; char    buf[90]; char   *ret_val; int   buflen = 90;
|         ret_val = ctime_r (tm, buf, buflen);
|   ;
|   return 0;
| }
configure:13469: result: no
configure:13474: checking if gettimeofday takes 1 args
configure:13491: gcc -c -g -O2  conftest.c >&5
conftest.c: In function 'main':
conftest.c:30:28: error: too few arguments to function 'gettimeofday'
 struct timeval  tv; (void) gettimeofday (&tv);
                            ^~~~~~~~~~~~
In file included from conftest.c:25:
/usr/include/sys/time.h:68:12: note: declared here
 extern int gettimeofday (struct timeval *__restrict __tv,
            ^~~~~~~~~~~~
configure:13491: $? = 1
configure: failed program was:
| /* confdefs.h */
| #define PACKAGE_NAME "cbase"
| #define PACKAGE_TARNAME "cbase"
| #define PACKAGE_VERSION "1.2.1"
| #define PACKAGE_STRING "cbase 1.2.1"
| #define PACKAGE_BUGREPORT "support@ctbto.org"
| #define PACKAGE_URL ""
| #define PACKAGE "cbase"
| #define VERSION "1.2.1"
| #define STDC_HEADERS 1
| #define HAVE_SYS_TYPES_H 1
| #define HAVE_SYS_STAT_H 1
| #define HAVE_STDLIB_H 1
| #define HAVE_STRING_H 1
| #define HAVE_MEMORY_H 1
| #define HAVE_STRINGS_H 1
| #define HAVE_INTTYPES_H 1
| #define HAVE_STDINT_H 1
| #define HAVE_UNISTD_H 1
| #define HAVE_DLFCN_H 1
| #define LT_OBJDIR ".libs/"
| #define HAVE_GNU_FNMATCH /**/
| #define HAVE_SYSERRLIST /**/
| /* end confdefs.h.  */
| #include <sys/time.h>
| #include <unistd.h>
| int
| main ()
| {
| struct timeval  tv; (void) gettimeofday (&tv);
|   ;
|   return 0;
| }
configure:13502: result: no
configure:13510: checking for dirent.h that defines DIR
configure:13529: gcc -c -g -O2  conftest.c >&5
configure:13529: $? = 0
configure:13537: result: yes
configure:13550: checking for library containing opendir
configure:13581: gcc -o conftest -g -O2   conftest.c  >&5
configure:13581: $? = 0
configure:13598: result: none required
configure:13665: checking for ANSI C header files
configure:13769: result: yes
configure:13783: checking asm/poll.h usability
configure:13783: gcc -c -g -O2  conftest.c >&5
configure:13783: $? = 0
configure:13783: result: yes
configure:13783: checking asm/poll.h presence
configure:13783: gcc -E  conftest.c
configure:13783: $? = 0
configure:13783: result: yes
configure:13783: checking for asm/poll.h
configure:13783: result: yes
configure:13783: checking fcntl.h usability
configure:13783: gcc -c -g -O2  conftest.c >&5
configure:13783: $? = 0
configure:13783: result: yes
configure:13783: checking fcntl.h presence
configure:13783: gcc -E  conftest.c
configure:13783: $? = 0
configure:13783: result: yes
configure:13783: checking for fcntl.h
configure:13783: result: yes
configure:13783: checking ieeefp.h usability
configure:13783: gcc -c -g -O2  conftest.c >&5
conftest.c:62:10: fatal error: ieeefp.h: No such file or directory
 #include <ieeefp.h>
          ^~~~~~~~~~
compilation terminated.
configure:13783: $? = 1
configure: failed program was:
| /* confdefs.h */
| #define PACKAGE_NAME "cbase"
| #define PACKAGE_TARNAME "cbase"
| #define PACKAGE_VERSION "1.2.1"
| #define PACKAGE_STRING "cbase 1.2.1"
| #define PACKAGE_BUGREPORT "support@ctbto.org"
| #define PACKAGE_URL ""
| #define PACKAGE "cbase"
| #define VERSION "1.2.1"
| #define STDC_HEADERS 1
| #define HAVE_SYS_TYPES_H 1
| #define HAVE_SYS_STAT_H 1
| #define HAVE_STDLIB_H 1
| #define HAVE_STRING_H 1
| #define HAVE_MEMORY_H 1
| #define HAVE_STRINGS_H 1
| #define HAVE_INTTYPES_H 1
| #define HAVE_STDINT_H 1
| #define HAVE_UNISTD_H 1
| #define HAVE_DLFCN_H 1
| #define LT_OBJDIR ".libs/"
| #define HAVE_GNU_FNMATCH /**/
| #define HAVE_SYSERRLIST /**/
| #define HAVE_DIRENT_H 1
| #define STDC_HEADERS 1
| #define HAVE_ASM_POLL_H 1
| #define HAVE_FCNTL_H 1
| /* end confdefs.h.  */
| #include <stdio.h>
| #ifdef HAVE_SYS_TYPES_H
| # include <sys/types.h>
| #endif
| #ifdef HAVE_SYS_STAT_H
| # include <sys/stat.h>
| #endif
| #ifdef STDC_HEADERS
| # include <stdlib.h>
| # include <stddef.h>
| #else
| # ifdef HAVE_STDLIB_H
| #  include <stdlib.h>
| # endif
| #endif
| #ifdef HAVE_STRING_H
| # if !defined STDC_HEADERS && defined HAVE_MEMORY_H
| #  include <memory.h>
| # endif
| # include <string.h>
| #endif
| #ifdef HAVE_STRINGS_H
| # include <strings.h>
| #endif
| #ifdef HAVE_INTTYPES_H
| # include <inttypes.h>
| #endif
| #ifdef HAVE_STDINT_H
| # include <stdint.h>
| #endif
| #ifdef HAVE_UNISTD_H
| # include <unistd.h>
| #endif
| #include <ieeefp.h>
configure:13783: result: no
configure:13783: checking ieeefp.h presence
configure:13783: gcc -E  conftest.c
conftest.c:29:10: fatal error: ieeefp.h: No such file or directory
 #include <ieeefp.h>
          ^~~~~~~~~~
compilation terminated.
configure:13783: $? = 1
configure: failed program was:
| /* confdefs.h */
| #define PACKAGE_NAME "cbase"
| #define PACKAGE_TARNAME "cbase"
| #define PACKAGE_VERSION "1.2.1"
| #define PACKAGE_STRING "cbase 1.2.1"
| #define PACKAGE_BUGREPORT "support@ctbto.org"
| #define PACKAGE_URL ""
| #define PACKAGE "cbase"
| #define VERSION "1.2.1"
| #define STDC_HEADERS 1
| #define HAVE_SYS_TYPES_H 1
| #define HAVE_SYS_STAT_H 1
| #define HAVE_STDLIB_H 1
| #define HAVE_STRING_H 1
| #define HAVE_MEMORY_H 1
| #define HAVE_STRINGS_H 1
| #define HAVE_INTTYPES_H 1
| #define HAVE_STDINT_H 1
| #define HAVE_UNISTD_H 1
| #define HAVE_DLFCN_H 1
| #define LT_OBJDIR ".libs/"
| #define HAVE_GNU_FNMATCH /**/
| #define HAVE_SYSERRLIST /**/
| #define HAVE_DIRENT_H 1
| #define STDC_HEADERS 1
| #define HAVE_ASM_POLL_H 1
| #define HAVE_FCNTL_H 1
| /* end confdefs.h.  */
| #include <ieeefp.h>
configure:13783: result: no
configure:13783: checking for ieeefp.h
configure:13783: result: no
configure:13783: checking for inttypes.h
configure:13783: result: yes
configure:13783: checking malloc.h usability
configure:13783: gcc -c -g -O2  conftest.c >&5
configure:13783: $? = 0
configure:13783: result: yes
configure:13783: checking malloc.h presence
configure:13783: gcc -E  conftest.c
configure:13783: $? = 0
configure:13783: result: yes
configure:13783: checking for malloc.h
configure:13783: result: yes
configure:13783: checking for memory.h
configure:13783: result: yes
configure:13783: checking stdarg.h usability
configure:13783: gcc -c -g -O2  conftest.c >&5
configure:13783: $? = 0
configure:13783: result: yes
configure:13783: checking stdarg.h presence
configure:13783: gcc -E  conftest.c
configure:13783: $? = 0
configure:13783: result: yes
configure:13783: checking for stdarg.h
configure:13783: result: yes
configure:13783: checking for stdint.h
configure:13783: result: yes
configure:13783: checking for stdlib.h
configure:13783: result: yes
configure:13783: checking for string.h
configure:13783: result: yes
configure:13783: checking for strings.h
configure:13783: result: yes
configure:13783: checking sys/param.h usability
configure:13783: gcc -c -g -O2  conftest.c >&5
configure:13783: $? = 0
configure:13783: result: yes
configure:13783: checking sys/param.h presence
configure:13783: gcc -E  conftest.c
configure:13783: $? = 0
configure:13783: result: yes
configure:13783: checking for sys/param.h
configure:13783: result: yes
configure:13783: checking for sys/stat.h
configure:13783: result: yes
configure:13783: checking sys/systeminfo.h usability
configure:13783: gcc -c -g -O2  conftest.c >&5
conftest.c:72:10: fatal error: sys/systeminfo.h: No such file or directory
 #include <sys/systeminfo.h>
          ^~~~~~~~~~~~~~~~~~
compilation terminated.
configure:13783: $? = 1
configure: failed program was:
| /* confdefs.h */
| #define PACKAGE_NAME "cbase"
| #define PACKAGE_TARNAME "cbase"
| #define PACKAGE_VERSION "1.2.1"
| #define PACKAGE_STRING "cbase 1.2.1"
| #define PACKAGE_BUGREPORT "support@ctbto.org"
| #define PACKAGE_URL ""
| #define PACKAGE "cbase"
| #define VERSION "1.2.1"
| #define STDC_HEADERS 1
| #define HAVE_SYS_TYPES_H 1
| #define HAVE_SYS_STAT_H 1
| #define HAVE_STDLIB_H 1
| #define HAVE_STRING_H 1
| #define HAVE_MEMORY_H 1
| #define HAVE_STRINGS_H 1
| #define HAVE_INTTYPES_H 1
| #define HAVE_STDINT_H 1
| #define HAVE_UNISTD_H 1
| #define HAVE_DLFCN_H 1
| #define LT_OBJDIR ".libs/"
| #define HAVE_GNU_FNMATCH /**/
| #define HAVE_SYSERRLIST /**/
| #define HAVE_DIRENT_H 1
| #define STDC_HEADERS 1
| #define HAVE_ASM_POLL_H 1
| #define HAVE_FCNTL_H 1
| #define HAVE_INTTYPES_H 1
| #define HAVE_MALLOC_H 1
| #define HAVE_MEMORY_H 1
| #define HAVE_STDARG_H 1
| #define HAVE_STDINT_H 1
| #define HAVE_STDLIB_H 1
| #define HAVE_STRING_H 1
| #define HAVE_STRINGS_H 1
| #define HAVE_SYS_PARAM_H 1
| #define HAVE_SYS_STAT_H 1
| /* end confdefs.h.  */
| #include <stdio.h>
| #ifdef HAVE_SYS_TYPES_H
| # include <sys/types.h>
| #endif
| #ifdef HAVE_SYS_STAT_H
| # include <sys/stat.h>
| #endif
| #ifdef STDC_HEADERS
| # include <stdlib.h>
| # include <stddef.h>
| #else
| # ifdef HAVE_STDLIB_H
| #  include <stdlib.h>
| # endif
| #endif
| #ifdef HAVE_STRING_H
| # if !defined STDC_HEADERS && defined HAVE_MEMORY_H
| #  include <memory.h>
| # endif
| # include <string.h>
| #endif
| #ifdef HAVE_STRINGS_H
| # include <strings.h>
| #endif
| #ifdef HAVE_INTTYPES_H
| # include <inttypes.h>
| #endif
| #ifdef HAVE_STDINT_H
| # include <stdint.h>
| #endif
| #ifdef HAVE_UNISTD_H
| # include <unistd.h>
| #endif
| #include <sys/systeminfo.h>
configure:13783: result: no
configure:13783: checking sys/systeminfo.h presence
configure:13783: gcc -E  conftest.c
conftest.c:39:10: fatal error: sys/systeminfo.h: No such file or directory
 #include <sys/systeminfo.h>
          ^~~~~~~~~~~~~~~~~~
compilation terminated.
configure:13783: $? = 1
configure: failed program was:
| /* confdefs.h */
| #define PACKAGE_NAME "cbase"
| #define PACKAGE_TARNAME "cbase"
| #define PACKAGE_VERSION "1.2.1"
| #define PACKAGE_STRING "cbase 1.2.1"
| #define PACKAGE_BUGREPORT "support@ctbto.org"
| #define PACKAGE_URL ""
| #define PACKAGE "cbase"
| #define VERSION "1.2.1"
| #define STDC_HEADERS 1
| #define HAVE_SYS_TYPES_H 1
| #define HAVE_SYS_STAT_H 1
| #define HAVE_STDLIB_H 1
| #define HAVE_STRING_H 1
| #define HAVE_MEMORY_H 1
| #define HAVE_STRINGS_H 1
| #define HAVE_INTTYPES_H 1
| #define HAVE_STDINT_H 1
| #define HAVE_UNISTD_H 1
| #define HAVE_DLFCN_H 1
| #define LT_OBJDIR ".libs/"
| #define HAVE_GNU_FNMATCH /**/
| #define HAVE_SYSERRLIST /**/
| #define HAVE_DIRENT_H 1
| #define STDC_HEADERS 1
| #define HAVE_ASM_POLL_H 1
| #define HAVE_FCNTL_H 1
| #define HAVE_INTTYPES_H 1
| #define HAVE_MALLOC_H 1
| #define HAVE_MEMORY_H 1
| #define HAVE_STDARG_H 1
| #define HAVE_STDINT_H 1
| #define HAVE_STDLIB_H 1
| #define HAVE_STRING_H 1
| #define HAVE_STRINGS_H 1
| #define HAVE_SYS_PARAM_H 1
| #define HAVE_SYS_STAT_H 1
| /* end confdefs.h.  */
| #include <sys/systeminfo.h>
configure:13783: result: no
configure:13783: checking for sys/systeminfo.h
configure:13783: result: no
configure:13783: checking sys/time.h usability
configure:13783: gcc -c -g -O2  conftest.c >&5
configure:13783: $? = 0
configure:13783: result: yes
configure:13783: checking sys/time.h presence
configure:13783: gcc -E  conftest.c
configure:13783: $? = 0
configure:13783: result: yes
configure:13783: checking for sys/time.h
configure:13783: result: yes
configure:13783: checking tzfile.h usability
configure:13783: gcc -c -g -O2  conftest.c >&5
conftest.c:73:10: fatal error: tzfile.h: No such file or directory
 #include <tzfile.h>
          ^~~~~~~~~~
compilation terminated.
configure:13783: $? = 1
configure: failed program was:
| /* confdefs.h */
| #define PACKAGE_NAME "cbase"
| #define PACKAGE_TARNAME "cbase"
| #define PACKAGE_VERSION "1.2.1"
| #define PACKAGE_STRING "cbase 1.2.1"
| #define PACKAGE_BUGREPORT "support@ctbto.org"
| #define PACKAGE_URL ""
| #define PACKAGE "cbase"
| #define VERSION "1.2.1"
| #define STDC_HEADERS 1
| #define HAVE_SYS_TYPES_H 1
| #define HAVE_SYS_STAT_H 1
| #define HAVE_STDLIB_H 1
| #define HAVE_STRING_H 1
| #define HAVE_MEMORY_H 1
| #define HAVE_STRINGS_H 1
| #define HAVE_INTTYPES_H 1
| #define HAVE_STDINT_H 1
| #define HAVE_UNISTD_H 1
| #define HAVE_DLFCN_H 1
| #define LT_OBJDIR ".libs/"
| #define HAVE_GNU_FNMATCH /**/
| #define HAVE_SYSERRLIST /**/
| #define HAVE_DIRENT_H 1
| #define STDC_HEADERS 1
| #define HAVE_ASM_POLL_H 1
| #define HAVE_FCNTL_H 1
| #define HAVE_INTTYPES_H 1
| #define HAVE_MALLOC_H 1
| #define HAVE_MEMORY_H 1
| #define HAVE_STDARG_H 1
| #define HAVE_STDINT_H 1
| #define HAVE_STDLIB_H 1
| #define HAVE_STRING_H 1
| #define HAVE_STRINGS_H 1
| #define HAVE_SYS_PARAM_H 1
| #define HAVE_SYS_STAT_H 1
| #define HAVE_SYS_TIME_H 1
| /* end confdefs.h.  */
| #include <stdio.h>
| #ifdef HAVE_SYS_TYPES_H
| # include <sys/types.h>
| #endif
| #ifdef HAVE_SYS_STAT_H
| # include <sys/stat.h>
| #endif
| #ifdef STDC_HEADERS
| # include <stdlib.h>
| # include <stddef.h>
| #else
| # ifdef HAVE_STDLIB_H
| #  include <stdlib.h>
| # endif
| #endif
| #ifdef HAVE_STRING_H
| # if !defined STDC_HEADERS && defined HAVE_MEMORY_H
| #  include <memory.h>
| # endif
| # include <string.h>
| #endif
| #ifdef HAVE_STRINGS_H
| # include <strings.h>
| #endif
| #ifdef HAVE_INTTYPES_H
| # include <inttypes.h>
| #endif
| #ifdef HAVE_STDINT_H
| # include <stdint.h>
| #endif
| #ifdef HAVE_UNISTD_H
| # include <unistd.h>
| #endif
| #include <tzfile.h>
configure:13783: result: no
configure:13783: checking tzfile.h presence
configure:13783: gcc -E  conftest.c
conftest.c:40:10: fatal error: tzfile.h: No such file or directory
 #include <tzfile.h>
          ^~~~~~~~~~
compilation terminated.
configure:13783: $? = 1
configure: failed program was:
| /* confdefs.h */
| #define PACKAGE_NAME "cbase"
| #define PACKAGE_TARNAME "cbase"
| #define PACKAGE_VERSION "1.2.1"
| #define PACKAGE_STRING "cbase 1.2.1"
| #define PACKAGE_BUGREPORT "support@ctbto.org"
| #define PACKAGE_URL ""
| #define PACKAGE "cbase"
| #define VERSION "1.2.1"
| #define STDC_HEADERS 1
| #define HAVE_SYS_TYPES_H 1
| #define HAVE_SYS_STAT_H 1
| #define HAVE_STDLIB_H 1
| #define HAVE_STRING_H 1
| #define HAVE_MEMORY_H 1
| #define HAVE_STRINGS_H 1
| #define HAVE_INTTYPES_H 1
| #define HAVE_STDINT_H 1
| #define HAVE_UNISTD_H 1
| #define HAVE_DLFCN_H 1
| #define LT_OBJDIR ".libs/"
| #define HAVE_GNU_FNMATCH /**/
| #define HAVE_SYSERRLIST /**/
| #define HAVE_DIRENT_H 1
| #define STDC_HEADERS 1
| #define HAVE_ASM_POLL_H 1
| #define HAVE_FCNTL_H 1
| #define HAVE_INTTYPES_H 1
| #define HAVE_MALLOC_H 1
| #define HAVE_MEMORY_H 1
| #define HAVE_STDARG_H 1
| #define HAVE_STDINT_H 1
| #define HAVE_STDLIB_H 1
| #define HAVE_STRING_H 1
| #define HAVE_STRINGS_H 1
| #define HAVE_SYS_PARAM_H 1
| #define HAVE_SYS_STAT_H 1
| #define HAVE_SYS_TIME_H 1
| /* end confdefs.h.  */
| #include <tzfile.h>
configure:13783: result: no
configure:13783: checking for tzfile.h
configure:13783: result: no
configure:13783: checking for unistd.h
configure:13783: result: yes
configure:13799: checking for floor
configure:13799: gcc -o conftest -g -O2   conftest.c  >&5
conftest.c:64:6: warning: conflicting types for built-in function 'floor' [-Wbuiltin-declaration-mismatch]
 char floor ();
      ^~~~~
/tmp/ccB1oO55.o: In function `main':
/usr/local/src/geotool/cbase/conftest.c:75: undefined reference to `floor'
collect2: error: ld returned 1 exit status
configure:13799: $? = 1
configure: failed program was:
| /* confdefs.h */
| #define PACKAGE_NAME "cbase"
| #define PACKAGE_TARNAME "cbase"
| #define PACKAGE_VERSION "1.2.1"
| #define PACKAGE_STRING "cbase 1.2.1"
| #define PACKAGE_BUGREPORT "support@ctbto.org"
| #define PACKAGE_URL ""
| #define PACKAGE "cbase"
| #define VERSION "1.2.1"
| #define STDC_HEADERS 1
| #define HAVE_SYS_TYPES_H 1
| #define HAVE_SYS_STAT_H 1
| #define HAVE_STDLIB_H 1
| #define HAVE_STRING_H 1
| #define HAVE_MEMORY_H 1
| #define HAVE_STRINGS_H 1
| #define HAVE_INTTYPES_H 1
| #define HAVE_STDINT_H 1
| #define HAVE_UNISTD_H 1
| #define HAVE_DLFCN_H 1
| #define LT_OBJDIR ".libs/"
| #define HAVE_GNU_FNMATCH /**/
| #define HAVE_SYSERRLIST /**/
| #define HAVE_DIRENT_H 1
| #define STDC_HEADERS 1
| #define HAVE_ASM_POLL_H 1
| #define HAVE_FCNTL_H 1
| #define HAVE_INTTYPES_H 1
| #define HAVE_MALLOC_H 1
| #define HAVE_MEMORY_H 1
| #define HAVE_STDARG_H 1
| #define HAVE_STDINT_H 1
| #define HAVE_STDLIB_H 1
| #define HAVE_STRING_H 1
| #define HAVE_STRINGS_H 1
| #define HAVE_SYS_PARAM_H 1
| #define HAVE_SYS_STAT_H 1
| #define HAVE_SYS_TIME_H 1
| #define HAVE_UNISTD_H 1
| /* end confdefs.h.  */
| /* Define floor to an innocuous variant, in case <limits.h> declares floor.
|    For example, HP-UX 11i <limits.h> declares gettimeofday.  */
| #define floor innocuous_floor
| 
| /* System header to define __stub macros and hopefully few prototypes,
|     which can conflict with char floor (); below.
|     Prefer <limits.h> to <assert.h> if __STDC__ is defined, since
|     <limits.h> exists even on freestanding compilers.  */
| 
| #ifdef __STDC__
| # include <limits.h>
| #else
| # include <assert.h>
| #endif
| 
| #undef floor
| 
| /* Override any GCC internal prototype to avoid an error.
|    Use char because int might match the return type of a GCC
|    builtin and then its argument prototype would still apply.  */
| #ifdef __cplusplus
| extern "C"
| #endif
| char floor ();
| /* The GNU C library defines this for functions which it implements
|     to always fail with ENOSYS.  Some functions are actually named
|     something starting with __ and the normal name is an alias.  */
| #if defined __stub_floor || defined __stub___floor
| choke me
| #endif
| 
| int
| main ()
| {
| return floor ();
|   ;
|   return 0;
| }
configure:13799: result: no
configure:13799: checking for gettimeofday
configure:13799: gcc -o conftest -g -O2   conftest.c  >&5
configure:13799: $? = 0
configure:13799: result: yes
configure:13799: checking for sincos
configure:13799: gcc -o conftest -g -O2   conftest.c  >&5
conftest.c:65:6: warning: conflicting types for built-in function 'sincos' [-Wbuiltin-declaration-mismatch]
 char sincos ();
      ^~~~~~
/tmp/ccfM7SaW.o: In function `main':
/usr/local/src/geotool/cbase/conftest.c:76: undefined reference to `sincos'
collect2: error: ld returned 1 exit status
configure:13799: $? = 1
configure: failed program was:
| /* confdefs.h */
| #define PACKAGE_NAME "cbase"
| #define PACKAGE_TARNAME "cbase"
| #define PACKAGE_VERSION "1.2.1"
| #define PACKAGE_STRING "cbase 1.2.1"
| #define PACKAGE_BUGREPORT "support@ctbto.org"
| #define PACKAGE_URL ""
| #define PACKAGE "cbase"
| #define VERSION "1.2.1"
| #define STDC_HEADERS 1
| #define HAVE_SYS_TYPES_H 1
| #define HAVE_SYS_STAT_H 1
| #define HAVE_STDLIB_H 1
| #define HAVE_STRING_H 1
| #define HAVE_MEMORY_H 1
| #define HAVE_STRINGS_H 1
| #define HAVE_INTTYPES_H 1
| #define HAVE_STDINT_H 1
| #define HAVE_UNISTD_H 1
| #define HAVE_DLFCN_H 1
| #define LT_OBJDIR ".libs/"
| #define HAVE_GNU_FNMATCH /**/
| #define HAVE_SYSERRLIST /**/
| #define HAVE_DIRENT_H 1
| #define STDC_HEADERS 1
| #define HAVE_ASM_POLL_H 1
| #define HAVE_FCNTL_H 1
| #define HAVE_INTTYPES_H 1
| #define HAVE_MALLOC_H 1
| #define HAVE_MEMORY_H 1
| #define HAVE_STDARG_H 1
| #define HAVE_STDINT_H 1
| #define HAVE_STDLIB_H 1
| #define HAVE_STRING_H 1
| #define HAVE_STRINGS_H 1
| #define HAVE_SYS_PARAM_H 1
| #define HAVE_SYS_STAT_H 1
| #define HAVE_SYS_TIME_H 1
| #define HAVE_UNISTD_H 1
| #define HAVE_GETTIMEOFDAY 1
| /* end confdefs.h.  */
| /* Define sincos to an innocuous variant, in case <limits.h> declares sincos.
|    For example, HP-UX 11i <limits.h> declares gettimeofday.  */
| #define sincos innocuous_sincos
| 
| /* System header to define __stub macros and hopefully few prototypes,
|     which can conflict with char sincos (); below.
|     Prefer <limits.h> to <assert.h> if __STDC__ is defined, since
|     <limits.h> exists even on freestanding compilers.  */
| 
| #ifdef __STDC__
| # include <limits.h>
| #else
| # include <assert.h>
| #endif
| 
| #undef sincos
| 
| /* Override any GCC internal prototype to avoid an error.
|    Use char because int might match the return type of a GCC
|    builtin and then its argument prototype would still apply.  */
| #ifdef __cplusplus
| extern "C"
| #endif
| char sincos ();
| /* The GNU C library defines this for functions which it implements
|     to always fail with ENOSYS.  Some functions are actually named
|     something starting with __ and the normal name is an alias.  */
| #if defined __stub_sincos || defined __stub___sincos
| choke me
| #endif
| 
| int
| main ()
| {
| return sincos ();
|   ;
|   return 0;
| }
configure:13799: result: no
configure:13808: checking for caddr_t
configure:13808: gcc -c -g -O2  conftest.c >&5
configure:13808: $? = 0
configure:13808: gcc -c -g -O2  conftest.c >&5
conftest.c: In function 'main':
conftest.c:78:22: error: expected expression before ')' token
 if (sizeof ((caddr_t)))
                      ^
configure:13808: $? = 1
configure: failed program was:
| /* confdefs.h */
| #define PACKAGE_NAME "cbase"
| #define PACKAGE_TARNAME "cbase"
| #define PACKAGE_VERSION "1.2.1"
| #define PACKAGE_STRING "cbase 1.2.1"
| #define PACKAGE_BUGREPORT "support@ctbto.org"
| #define PACKAGE_URL ""
| #define PACKAGE "cbase"
| #define VERSION "1.2.1"
| #define STDC_HEADERS 1
| #define HAVE_SYS_TYPES_H 1
| #define HAVE_SYS_STAT_H 1
| #define HAVE_STDLIB_H 1
| #define HAVE_STRING_H 1
| #define HAVE_MEMORY_H 1
| #define HAVE_STRINGS_H 1
| #define HAVE_INTTYPES_H 1
| #define HAVE_STDINT_H 1
| #define HAVE_UNISTD_H 1
| #define HAVE_DLFCN_H 1
| #define LT_OBJDIR ".libs/"
| #define HAVE_GNU_FNMATCH /**/
| #define HAVE_SYSERRLIST /**/
| #define HAVE_DIRENT_H 1
| #define STDC_HEADERS 1
| #define HAVE_ASM_POLL_H 1
| #define HAVE_FCNTL_H 1
| #define HAVE_INTTYPES_H 1
| #define HAVE_MALLOC_H 1
| #define HAVE_MEMORY_H 1
| #define HAVE_STDARG_H 1
| #define HAVE_STDINT_H 1
| #define HAVE_STDLIB_H 1
| #define HAVE_STRING_H 1
| #define HAVE_STRINGS_H 1
| #define HAVE_SYS_PARAM_H 1
| #define HAVE_SYS_STAT_H 1
| #define HAVE_SYS_TIME_H 1
| #define HAVE_UNISTD_H 1
| #define HAVE_GETTIMEOFDAY 1
| /* end confdefs.h.  */
| #include <stdio.h>
| #ifdef HAVE_SYS_TYPES_H
| # include <sys/types.h>
| #endif
| #ifdef HAVE_SYS_STAT_H
| # include <sys/stat.h>
| #endif
| #ifdef STDC_HEADERS
| # include <stdlib.h>
| # include <stddef.h>
| #else
| # ifdef HAVE_STDLIB_H
| #  include <stdlib.h>
| # endif
| #endif
| #ifdef HAVE_STRING_H
| # if !defined STDC_HEADERS && defined HAVE_MEMORY_H
| #  include <memory.h>
| # endif
| # include <string.h>
| #endif
| #ifdef HAVE_STRINGS_H
| # include <strings.h>
| #endif
| #ifdef HAVE_INTTYPES_H
| # include <inttypes.h>
| #endif
| #ifdef HAVE_STDINT_H
| # include <stdint.h>
| #endif
| #ifdef HAVE_UNISTD_H
| # include <unistd.h>
| #endif
| int
| main ()
| {
| if (sizeof ((caddr_t)))
| 	    return 0;
|   ;
|   return 0;
| }
configure:13808: result: yes
configure:13832: GCC: Enabling almost all warnings
configure:13852: GCC: Enabling pedantic mode
configure:13959: checking pthread.h usability
configure:13959: gcc -c  -Wall -Wno-unused-variable -pedantic -g -O2   conftest.c >&5
configure:13959: $? = 0
configure:13959: result: yes
configure:13959: checking pthread.h presence
configure:13959: gcc -E   conftest.c
configure:13959: $? = 0
configure:13959: result: yes
configure:13959: checking for pthread.h
configure:13959: result: yes
configure:13970: checking for library containing pthread_kill
configure:14001: gcc -o conftest  -Wall -Wno-unused-variable -pedantic -g -O2     conftest.c  >&5
/tmp/cc6c01mf.o: In function `main':
/usr/local/src/geotool/cbase/conftest.c:54: undefined reference to `pthread_kill'
collect2: error: ld returned 1 exit status
configure:14001: $? = 1
configure: failed program was:
| /* confdefs.h */
| #define PACKAGE_NAME "cbase"
| #define PACKAGE_TARNAME "cbase"
| #define PACKAGE_VERSION "1.2.1"
| #define PACKAGE_STRING "cbase 1.2.1"
| #define PACKAGE_BUGREPORT "support@ctbto.org"
| #define PACKAGE_URL ""
| #define PACKAGE "cbase"
| #define VERSION "1.2.1"
| #define STDC_HEADERS 1
| #define HAVE_SYS_TYPES_H 1
| #define HAVE_SYS_STAT_H 1
| #define HAVE_STDLIB_H 1
| #define HAVE_STRING_H 1
| #define HAVE_MEMORY_H 1
| #define HAVE_STRINGS_H 1
| #define HAVE_INTTYPES_H 1
| #define HAVE_STDINT_H 1
| #define HAVE_UNISTD_H 1
| #define HAVE_DLFCN_H 1
| #define LT_OBJDIR ".libs/"
| #define HAVE_GNU_FNMATCH /**/
| #define HAVE_SYSERRLIST /**/
| #define HAVE_DIRENT_H 1
| #define STDC_HEADERS 1
| #define HAVE_ASM_POLL_H 1
| #define HAVE_FCNTL_H 1
| #define HAVE_INTTYPES_H 1
| #define HAVE_MALLOC_H 1
| #define HAVE_MEMORY_H 1
| #define HAVE_STDARG_H 1
| #define HAVE_STDINT_H 1
| #define HAVE_STDLIB_H 1
| #define HAVE_STRING_H 1
| #define HAVE_STRINGS_H 1
| #define HAVE_SYS_PARAM_H 1
| #define HAVE_SYS_STAT_H 1
| #define HAVE_SYS_TIME_H 1
| #define HAVE_UNISTD_H 1
| #define HAVE_GETTIMEOFDAY 1
| #define HAVE_PTHREAD_H 1
| /* end confdefs.h.  */
| 
| /* Override any GCC internal prototype to avoid an error.
|    Use char because int might match the return type of a GCC
|    builtin and then its argument prototype would still apply.  */
| #ifdef __cplusplus
| extern "C"
| #endif
| char pthread_kill ();
| int
| main ()
| {
| return pthread_kill ();
|   ;
|   return 0;
| }
configure:14001: gcc -o conftest  -Wall -Wno-unused-variable -pedantic -g -O2     conftest.c -lpthread   >&5
configure:14001: $? = 0
configure:14018: result: -lpthread
configure:14035: checking whether dependencies are fulfilled for cbase libcancomp
configure:14084: result: yes
configure:14102: checking whether dependencies are fulfilled for cbase libidcsyslog
configure:14151: result: yes
configure:14171: checking for library containing pow
configure:14202: gcc -o conftest  -Wall -Wno-unused-variable -pedantic -g -O2     conftest.c  >&5
conftest.c:52:6: warning: conflicting types for built-in function 'pow' [-Wbuiltin-declaration-mismatch]
 char pow ();
      ^~~
/tmp/ccicsXyX.o: In function `main':
/usr/local/src/geotool/cbase/conftest.c:56: undefined reference to `pow'
collect2: error: ld returned 1 exit status
configure:14202: $? = 1
configure: failed program was:
| /* confdefs.h */
| #define PACKAGE_NAME "cbase"
| #define PACKAGE_TARNAME "cbase"
| #define PACKAGE_VERSION "1.2.1"
| #define PACKAGE_STRING "cbase 1.2.1"
| #define PACKAGE_BUGREPORT "support@ctbto.org"
| #define PACKAGE_URL ""
| #define PACKAGE "cbase"
| #define VERSION "1.2.1"
| #define STDC_HEADERS 1
| #define HAVE_SYS_TYPES_H 1
| #define HAVE_SYS_STAT_H 1
| #define HAVE_STDLIB_H 1
| #define HAVE_STRING_H 1
| #define HAVE_MEMORY_H 1
| #define HAVE_STRINGS_H 1
| #define HAVE_INTTYPES_H 1
| #define HAVE_STDINT_H 1
| #define HAVE_UNISTD_H 1
| #define HAVE_DLFCN_H 1
| #define LT_OBJDIR ".libs/"
| #define HAVE_GNU_FNMATCH /**/
| #define HAVE_SYSERRLIST /**/
| #define HAVE_DIRENT_H 1
| #define STDC_HEADERS 1
| #define HAVE_ASM_POLL_H 1
| #define HAVE_FCNTL_H 1
| #define HAVE_INTTYPES_H 1
| #define HAVE_MALLOC_H 1
| #define HAVE_MEMORY_H 1
| #define HAVE_STDARG_H 1
| #define HAVE_STDINT_H 1
| #define HAVE_STDLIB_H 1
| #define HAVE_STRING_H 1
| #define HAVE_STRINGS_H 1
| #define HAVE_SYS_PARAM_H 1
| #define HAVE_SYS_STAT_H 1
| #define HAVE_SYS_TIME_H 1
| #define HAVE_UNISTD_H 1
| #define HAVE_GETTIMEOFDAY 1
| #define HAVE_PTHREAD_H 1
| #define HAVE_CANCOMP /**/
| #define HAVE_IDCSYSLOG /**/
| /* end confdefs.h.  */
| 
| /* Override any GCC internal prototype to avoid an error.
|    Use char because int might match the return type of a GCC
|    builtin and then its argument prototype would still apply.  */
| #ifdef __cplusplus
| extern "C"
| #endif
| char pow ();
| int
| main ()
| {
| return pow ();
|   ;
|   return 0;
| }
configure:14202: gcc -o conftest  -Wall -Wno-unused-variable -pedantic -g -O2     conftest.c -lm   >&5
conftest.c:52:6: warning: conflicting types for built-in function 'pow' [-Wbuiltin-declaration-mismatch]
 char pow ();
      ^~~
configure:14202: $? = 0
configure:14219: result: -lm
configure:14227: checking for library containing floor
configure:14258: gcc -o conftest  -Wall -Wno-unused-variable -pedantic -g -O2     conftest.c -lm  >&5
conftest.c:52:6: warning: conflicting types for built-in function 'floor' [-Wbuiltin-declaration-mismatch]
 char floor ();
      ^~~~~
configure:14258: $? = 0
configure:14275: result: none required
configure:14283: checking for library containing rint
configure:14314: gcc -o conftest  -Wall -Wno-unused-variable -pedantic -g -O2     conftest.c -lm  >&5
conftest.c:52:6: warning: conflicting types for built-in function 'rint' [-Wbuiltin-declaration-mismatch]
 char rint ();
      ^~~~
configure:14314: $? = 0
configure:14331: result: none required
configure:14339: checking whether dependencies are fulfilled for cbase libstdtime
configure:14401: result: yes
configure:14406: checking whether dependencies are fulfilled for cbase libaesir
configure:14456: result: yes
configure:14477: checking whether dependencies are fulfilled for cbase libparidc
configure:14527: result: yes
configure:14549: checking whether dependencies are fulfilled for cbase libtable
configure:14599: result: yes
configure:14776: checking that generated files are newer than configure
configure:14782: result: done
configure:14838: creating ./config.status

## ---------------------- ##
## Running config.status. ##
## ---------------------- ##

This file was extended by cbase config.status 1.2.1, which was
generated by GNU Autoconf 2.69.  Invocation command line was

  CONFIG_FILES    = 
  CONFIG_HEADERS  = 
  CONFIG_LINKS    = 
  CONFIG_COMMANDS = 
  $ ./config.status 

on idadccvm

config.status:1171: creating Makefile
config.status:1171: creating test/Makefile
config.status:1171: creating libsrc/Makefile
config.status:1171: creating libsrc/libaesir/Makefile
config.status:1171: creating libsrc/libcancomp/Makefile
config.status:1171: creating libsrc/libidcsyslog/Makefile
config.status:1171: creating libsrc/libparidc/Makefile
config.status:1171: creating libsrc/libstdtime/Makefile
config.status:1171: creating libsrc/libtable/Makefile
config.status:1171: creating config.h
config.status:1352: config.h is unchanged
config.status:1400: executing depfiles commands
config.status:1477: cd test       && sed -e '/# am--include-marker/d' Makefile         | make -f - am--depfiles
make: Nothing to be done for 'am--depfiles'.
config.status:1482: $? = 0
config.status:1477: cd libsrc/libaesir       && sed -e '/# am--include-marker/d' Makefile         | make -f - am--depfiles
make: Nothing to be done for 'am--depfiles'.
config.status:1482: $? = 0
config.status:1477: cd libsrc/libcancomp       && sed -e '/# am--include-marker/d' Makefile         | make -f - am--depfiles
make: Nothing to be done for 'am--depfiles'.
config.status:1482: $? = 0
config.status:1477: cd libsrc/libidcsyslog       && sed -e '/# am--include-marker/d' Makefile         | make -f - am--depfiles
make: Nothing to be done for 'am--depfiles'.
config.status:1482: $? = 0
config.status:1477: cd libsrc/libparidc       && sed -e '/# am--include-marker/d' Makefile         | make -f - am--depfiles
make: Nothing to be done for 'am--depfiles'.
config.status:1482: $? = 0
config.status:1477: cd libsrc/libstdtime       && sed -e '/# am--include-marker/d' Makefile         | make -f - am--depfiles
make: Nothing to be done for 'am--depfiles'.
config.status:1482: $? = 0
config.status:1477: cd libsrc/libtable       && sed -e '/# am--include-marker/d' Makefile         | make -f - am--depfiles
make: Nothing to be done for 'am--depfiles'.
config.status:1482: $? = 0
config.status:1400: executing libtool commands
config.status:1400: executing libtool-patch-postinstall commands
configure:17001: 
configure:17003: cbase 1.2.1 is now configured for x86_64-pc-linux-gnu
configure:17005: 
configure:17007:                       C preprocessor ${CPP}: gcc -E
configure:17009:                  C++ preprocessor ${CXXCPP}: 
configure:17011:  Package Developer C/C++ preprocessor flags: 
configure:17013:   User C/C++ preprocessor flags ${CPPFLAGS}: 
configure:17015: 
configure:17017:                            C compiler ${CC}: gcc
configure:17019:          Package Developer C compiler flags:  -Wall -Wno-unused-variable -pedantic
configure:17021:             User C compiler flags ${CFLAGS}: -g -O2
configure:17023: 
configure:17033:                                Linker ${LD}: /bin/ld -m elf_x86_64
configure:17035:              Package Developer linker flags:  -avoid-version
configure:17037:                User linker flags ${LDFLAGS}: 
configure:17039: 
configure:17042:                                     Doxygen: no
configure:17048: 
configure:17050: Installation prefix is /usr/local/geotool
configure:17052: Installation exec_prefix is ${prefix}
configure:17054: Binaries will be installed in ${exec_prefix}/bin
configure:17056: Libraries will be installed in ${exec_prefix}/lib
configure:17058: Shared headers will be installed in ${prefix}/include
configure:17060: Thank you for configuring and building cbase 1.2.1

## ---------------- ##
## Cache variables. ##
## ---------------- ##

ac_cv_build=x86_64-pc-linux-gnu
ac_cv_c_bigendian=no
ac_cv_c_compiler_gnu=yes
ac_cv_c_const=yes
ac_cv_c_volatile=yes
ac_cv_env_CC_set=set
ac_cv_env_CC_value=gcc
ac_cv_env_CFLAGS_set=
ac_cv_env_CFLAGS_value=
ac_cv_env_CPPFLAGS_set=
ac_cv_env_CPPFLAGS_value=
ac_cv_env_CPP_set=
ac_cv_env_CPP_value=
ac_cv_env_DOXYGEN_set=
ac_cv_env_DOXYGEN_value=
ac_cv_env_LDFLAGS_set=
ac_cv_env_LDFLAGS_value=
ac_cv_env_LIBS_set=
ac_cv_env_LIBS_value=
ac_cv_env_LT_SYS_LIBRARY_PATH_set=
ac_cv_env_LT_SYS_LIBRARY_PATH_value=
ac_cv_env_build_alias_set=
ac_cv_env_build_alias_value=
ac_cv_env_host_alias_set=
ac_cv_env_host_alias_value=
ac_cv_env_target_alias_set=
ac_cv_env_target_alias_value=
ac_cv_func_floor=no
ac_cv_func_gettimeofday=yes
ac_cv_func_sincos=no
ac_cv_header_asm_poll_h=yes
ac_cv_header_dirent_dirent_h=yes
ac_cv_header_dlfcn_h=yes
ac_cv_header_fcntl_h=yes
ac_cv_header_ieeefp_h=no
ac_cv_header_inttypes_h=yes
ac_cv_header_malloc_h=yes
ac_cv_header_memory_h=yes
ac_cv_header_pthread_h=yes
ac_cv_header_stdarg_h=yes
ac_cv_header_stdc=yes
ac_cv_header_stdint_h=yes
ac_cv_header_stdlib_h=yes
ac_cv_header_string_h=yes
ac_cv_header_strings_h=yes
ac_cv_header_sys_param_h=yes
ac_cv_header_sys_stat_h=yes
ac_cv_header_sys_systeminfo_h=no
ac_cv_header_sys_time_h=yes
ac_cv_header_sys_types_h=yes
ac_cv_header_tzfile_h=no
ac_cv_header_unistd_h=yes
ac_cv_host=x86_64-pc-linux-gnu
ac_cv_objext=o
ac_cv_path_EGREP='/bin/grep -E'
ac_cv_path_FGREP='/bin/grep -F'
ac_cv_path_GREP=/bin/grep
ac_cv_path_SED=/bin/sed
ac_cv_path_install='/bin/install -c'
ac_cv_path_lt_DD=/bin/dd
ac_cv_path_mkdir=/bin/mkdir
ac_cv_prog_AWK=gawk
ac_cv_prog_CPP='gcc -E'
ac_cv_prog_ac_ct_AR=ar
ac_cv_prog_ac_ct_CC=gcc
ac_cv_prog_ac_ct_OBJDUMP=objdump
ac_cv_prog_ac_ct_RANLIB=ranlib
ac_cv_prog_ac_ct_STRIP=strip
ac_cv_prog_cc_c89=
ac_cv_prog_cc_g=yes
ac_cv_prog_gcc_traditional=no
ac_cv_prog_make_make_set=yes
ac_cv_search_floor='none required'
ac_cv_search_opendir='none required'
ac_cv_search_pow=-lm
ac_cv_search_pthread_kill=-lpthread
ac_cv_search_rint='none required'
ac_cv_type_caddr_t=yes
am_cv_CC_dependencies_compiler_type=gcc3
am_cv_make_support_nested_variables=yes
am_cv_prog_cc_c_o=yes
lt_cv_ar_at_file=@
lt_cv_archive_cmds_need_lc=no
lt_cv_deplibs_check_method=pass_all
lt_cv_file_magic_cmd='$MAGIC_CMD'
lt_cv_file_magic_test_file=
lt_cv_ld_reload_flag=-r
lt_cv_nm_interface='BSD nm'
lt_cv_objdir=.libs
lt_cv_path_LD=/bin/ld
lt_cv_path_NM='/bin/nm -B'
lt_cv_path_mainfest_tool=no
lt_cv_prog_compiler_c_o=yes
lt_cv_prog_compiler_pic='-fPIC -DPIC'
lt_cv_prog_compiler_pic_works=yes
lt_cv_prog_compiler_rtti_exceptions=no
lt_cv_prog_compiler_static_works=no
lt_cv_prog_gnu_ld=yes
lt_cv_sharedlib_from_linklib_cmd='printf %s\n'
lt_cv_shlibpath_overrides_runpath=no
lt_cv_sys_global_symbol_pipe='sed -n -e '\''s/^.*[	 ]\([ABCDGIRSTW][ABCDGIRSTW]*\)[	 ][	 ]*\([_A-Za-z][_A-Za-z0-9]*\)$/\1 \2 \2/p'\'' | sed '\''/ __gnu_lto/d'\'''
lt_cv_sys_global_symbol_to_c_name_address='sed -n -e '\''s/^: \(.*\) .*$/  {"\1", (void *) 0},/p'\'' -e '\''s/^[ABCDGIRSTW][ABCDGIRSTW]* .* \(.*\)$/  {"\1", (void *) \&\1},/p'\'''
lt_cv_sys_global_symbol_to_c_name_address_lib_prefix='sed -n -e '\''s/^: \(.*\) .*$/  {"\1", (void *) 0},/p'\'' -e '\''s/^[ABCDGIRSTW][ABCDGIRSTW]* .* \(lib.*\)$/  {"\1", (void *) \&\1},/p'\'' -e '\''s/^[ABCDGIRSTW][ABCDGIRSTW]* .* \(.*\)$/  {"lib\1", (void *) \&\1},/p'\'''
lt_cv_sys_global_symbol_to_cdecl='sed -n -e '\''s/^T .* \(.*\)$/extern int \1();/p'\'' -e '\''s/^[ABCDGIRSTW][ABCDGIRSTW]* .* \(.*\)$/extern char \1;/p'\'''
lt_cv_sys_global_symbol_to_import=
lt_cv_sys_max_cmd_len=1572864
lt_cv_to_host_file_cmd=func_convert_file_noop
lt_cv_to_tool_file_cmd=func_convert_file_noop
lt_cv_truncate_bin='/bin/dd bs=4096 count=1'
r_cv_asctime_r_3=no
r_cv_ctime_r_3=no
r_cv_func_fnmatch_gnu_style=yes
r_cv_func_fnmatch_works=yes
r_cv_gettimeofday_1=no
r_cv_have_sysel=yes

## ----------------- ##
## Output variables. ##
## ----------------- ##

ACLOCAL='${SHELL} /usr/local/src/geotool/cbase/missing aclocal-1.16'
AESIR_DEPENDENCIES='$(top_builddir)/libsrc/libstdtime/libstdtime.la '
AESIR_INCLUDES='-I$(top_srcdir)/libsrc/libstdtime -I$(top_srcdir)/libsrc/libaesir '
AESIR_LIBADD=''
AESIR_LIBS='-L$(top_srcdir)/libsrc/libaesir -laesir -L$(top_srcdir)/libsrc/libstdtime -lstdtime -lm '
AMDEPBACKSLASH='\'
AMDEP_FALSE='#'
AMDEP_TRUE=''
AMTAR='$${TAR-tar}'
AM_BACKSLASH='\'
AM_DEFAULT_V='$(AM_DEFAULT_VERBOSITY)'
AM_DEFAULT_VERBOSITY='1'
AM_V='$(V)'
AR='ar'
AUTOCONF='${SHELL} /usr/local/src/geotool/cbase/missing autoconf'
AUTOHEADER='${SHELL} /usr/local/src/geotool/cbase/missing autoheader'
AUTOMAKE='${SHELL} /usr/local/src/geotool/cbase/missing automake-1.16'
AWK='gawk'
CANCOMP_DEPENDENCIES=''
CANCOMP_INCLUDES='-I$(top_srcdir)/libsrc/libcancomp '
CANCOMP_LIBADD=''
CANCOMP_LIBS='-L$(top_srcdir)/libsrc/libcancomp -lcancomp '
CC='gcc'
CCDEPMODE='depmode=gcc3'
CFLAGS='-g -O2'
CPP='gcc -E'
CPPFLAGS=''
CYGPATH_W='echo'
DEFS='-DHAVE_CONFIG_H'
DEPDIR='.deps'
DLLTOOL='false'
DOXYGEN=''
DSYMUTIL=''
DUMPBIN=''
ECHO_C=''
ECHO_N='-n'
ECHO_T=''
EGREP='/bin/grep -E'
EXEEXT=''
EXTRA_CFLAGS=' -Wall -Wno-unused-variable -pedantic'
EXTRA_CPPFLAGS=''
EXTRA_CXXFLAGS=' -Wall -Wno-unused-variable -pedantic'
EXTRA_FFLAGS=' $(INCLUDES)'
EXTRA_JARFLAGS=''
EXTRA_JAVACFLAGS=''
EXTRA_LDFLAGS=' -avoid-version'
FGREP='/bin/grep -F'
GREP='/bin/grep'
HAVE_AESIR_FALSE='#'
HAVE_AESIR_TRUE=''
HAVE_CANCOMP_FALSE='#'
HAVE_CANCOMP_TRUE=''
HAVE_DOXYGEN_FALSE=''
HAVE_DOXYGEN_TRUE='#'
HAVE_IDCSYSLOG_FALSE='#'
HAVE_IDCSYSLOG_TRUE=''
HAVE_PARIDC_FALSE='#'
HAVE_PARIDC_TRUE=''
HAVE_STDTIME_FALSE='#'
HAVE_STDTIME_TRUE=''
HAVE_TABLE_FALSE='#'
HAVE_TABLE_TRUE=''
IDCSYSLOG_DEPENDENCIES=''
IDCSYSLOG_INCLUDES='-I$(top_srcdir)/libsrc/libidcsyslog '
IDCSYSLOG_LIBADD=''
IDCSYSLOG_LIBS='-L$(top_srcdir)/libsrc/libidcsyslog -lidcsyslog '
INSTALL_DATA='${INSTALL} -m 644'
INSTALL_PROGRAM='${INSTALL}'
INSTALL_SCRIPT='${INSTALL}'
INSTALL_STRIP_PROGRAM='$(install_sh) -c -s'
LD='/bin/ld -m elf_x86_64'
LDFLAGS=''
LIBAESIR='$(top_builddir)/libsrc/libaesir/libaesir.la'
LIBCANCOMP='$(top_builddir)/libsrc/libcancomp/libcancomp.la'
LIBIDCSYSLOG='$(top_builddir)/libsrc/libidcsyslog/libidcsyslog.la'
LIBOBJS=''
LIBPARIDC='$(top_builddir)/libsrc/libparidc/libparidc.la'
LIBS=''
LIBSTDTIME='$(top_builddir)/libsrc/libstdtime/libstdtime.la'
LIBTABLE='$(top_builddir)/libsrc/libtable/libtable.la'
LIBTOOL='$(SHELL) $(top_builddir)/libtool'
LIPO=''
LN_S='ln -s'
LTLIBOBJS=''
LT_SYS_LIBRARY_PATH=''
MAKEINFO='${SHELL} /usr/local/src/geotool/cbase/missing makeinfo'
MANIFEST_TOOL=':'
MKDIR_P='/bin/mkdir -p'
NM='/bin/nm -B'
NMEDIT=''
OBJDUMP='objdump'
OBJEXT='o'
OTOOL64=''
OTOOL=''
PACKAGE='cbase'
PACKAGE_BUGREPORT='support@ctbto.org'
PACKAGE_NAME='cbase'
PACKAGE_STRING='cbase 1.2.1'
PACKAGE_TARNAME='cbase'
PACKAGE_URL=''
PACKAGE_VERSION='1.2.1'
PARIDC_DEPENDENCIES='$(top_builddir)/libsrc/libstdtime/libstdtime.la $(top_builddir)/libsrc/libaesir/libaesir.la '
PARIDC_INCLUDES='-I$(top_srcdir)/libsrc/libaesir -I$(top_srcdir)/libsrc/libstdtime -I$(top_srcdir)/libsrc/libparidc '
PARIDC_LIBADD=''
PARIDC_LIBS='-L$(top_srcdir)/libsrc/libparidc -lparidc -L$(top_srcdir)/libsrc/libaesir -L$(top_srcdir)/libsrc/libstdtime -laesir -lstdtime -lm '
PATH_SEPARATOR=':'
PTHREAD_LIBS='-lpthread '
RANLIB='ranlib'
SED='/bin/sed'
SET_MAKE=''
SHELL='/bin/sh'
STDTIME_DEPENDENCIES=''
STDTIME_INCLUDES='-I$(top_srcdir)/libsrc/libstdtime '
STDTIME_LIBADD=''
STDTIME_LIBS='-L$(top_srcdir)/libsrc/libstdtime -lstdtime -lm '
STRIP='strip'
TABLE_DEPENDENCIES='$(top_builddir)/libsrc/libstdtime/libstdtime.la $(top_builddir)/libsrc/libaesir/libaesir.la '
TABLE_INCLUDES='-I$(top_srcdir)/libsrc/libaesir -I$(top_srcdir)/libsrc/libstdtime -I$(top_srcdir)/libsrc/libtable '
TABLE_LIBADD=''
TABLE_LIBS='-L$(top_srcdir)/libsrc/libtable -ltable -L$(top_srcdir)/libsrc/libaesir -L$(top_srcdir)/libsrc/libstdtime -laesir -lstdtime -lm '
VERSION='1.2.1'
ac_ct_AR='ar'
ac_ct_CC='gcc'
ac_ct_DUMPBIN=''
am__EXEEXT_FALSE=''
am__EXEEXT_TRUE='#'
am__fastdepCC_FALSE='#'
am__fastdepCC_TRUE=''
am__include='include'
am__isrc=''
am__leading_dot='.'
am__nodep='_no'
am__quote=''
am__tar='$${TAR-tar} chof - "$$tardir"'
am__untar='$${TAR-tar} xf -'
bindir='${exec_prefix}/bin'
build='x86_64-pc-linux-gnu'
build_alias=''
build_cpu='x86_64'
build_os='linux-gnu'
build_vendor='pc'
datadir='${datarootdir}'
datarootdir='${prefix}/share'
docdir='${datarootdir}/doc/${PACKAGE_TARNAME}'
dvidir='${docdir}'
exec_prefix='${prefix}'
host='x86_64-pc-linux-gnu'
host_alias=''
host_cpu='x86_64'
host_os='linux-gnu'
host_vendor='pc'
htmldir='${docdir}'
includedir='${prefix}/include'
infodir='${datarootdir}/info'
install_sh='${SHELL} /usr/local/src/geotool/cbase/install-sh'
libdir='${exec_prefix}/lib'
libexecdir='${exec_prefix}/libexec'
localedir='${datarootdir}/locale'
localstatedir='${prefix}/var'
mandir='${datarootdir}/man'
mkdir_p='$(MKDIR_P)'
oldincludedir='/usr/include'
pdfdir='${docdir}'
prefix='/usr/local/geotool'
program_transform_name='s,x,x,'
psdir='${docdir}'
sbindir='${exec_prefix}/sbin'
sharedstatedir='${prefix}/com'
sysconfdir='${prefix}/etc'
target_alias=''

## ----------- ##
## confdefs.h. ##
## ----------- ##

/* confdefs.h */
#define PACKAGE_NAME "cbase"
#define PACKAGE_TARNAME "cbase"
#define PACKAGE_VERSION "1.2.1"
#define PACKAGE_STRING "cbase 1.2.1"
#define PACKAGE_BUGREPORT "support@ctbto.org"
#define PACKAGE_URL ""
#define PACKAGE "cbase"
#define VERSION "1.2.1"
#define STDC_HEADERS 1
#define HAVE_SYS_TYPES_H 1
#define HAVE_SYS_STAT_H 1
#define HAVE_STDLIB_H 1
#define HAVE_STRING_H 1
#define HAVE_MEMORY_H 1
#define HAVE_STRINGS_H 1
#define HAVE_INTTYPES_H 1
#define HAVE_STDINT_H 1
#define HAVE_UNISTD_H 1
#define HAVE_DLFCN_H 1
#define LT_OBJDIR ".libs/"
#define HAVE_GNU_FNMATCH /**/
#define HAVE_SYSERRLIST /**/
#define HAVE_DIRENT_H 1
#define STDC_HEADERS 1
#define HAVE_ASM_POLL_H 1
#define HAVE_FCNTL_H 1
#define HAVE_INTTYPES_H 1
#define HAVE_MALLOC_H 1
#define HAVE_MEMORY_H 1
#define HAVE_STDARG_H 1
#define HAVE_STDINT_H 1
#define HAVE_STDLIB_H 1
#define HAVE_STRING_H 1
#define HAVE_STRINGS_H 1
#define HAVE_SYS_PARAM_H 1
#define HAVE_SYS_STAT_H 1
#define HAVE_SYS_TIME_H 1
#define HAVE_UNISTD_H 1
#define HAVE_GETTIMEOFDAY 1
#define HAVE_PTHREAD_H 1
#define HAVE_CANCOMP /**/
#define HAVE_IDCSYSLOG /**/
#define HAVE_STDTIME /**/
#define HAVE_AESIR /**/
#define HAVE_PARIDC /**/
#define HAVE_TABLE /**/

configure: exit 0
